make all --print-data-base --no-builtin-variables --no-builtin-rules --question
# GNU Make 3.81
# Copyright (C) 2006  Free Software Foundation, Inc.
# This is free software; see the source for copying conditions.
# There is NO warranty; not even for MERCHANTABILITY or FITNESS FOR A
# PARTICULAR PURPOSE.

# This program built for i386-apple-darwin11.3.0

# Make data base, printed on Wed Jun 22 22:32:49 2022

# Variables

# automatic
<D = $(patsubst %/,%,$(dir $<))
# automatic
?F = $(notdir $?)
# environment
ELECTRON_NO_ATTACH_CONSOLE = 1
# environment
VSCODE_LOG_NATIVE = false
# makefile (from `Makefile', line 2)
TARGET := riscv64gc-unknown-none-elf
# automatic
?D = $(patsubst %/,%,$(dir $?))
# environment
CPPFLAGS = -I/opt/homebrew/opt/llvm/include
# makefile (from `Makefile', line 21)
KERNEL_ENTRY_PA := 0x80200000
# automatic
@D = $(patsubst %/,%,$(dir $@))
# automatic
@F = $(notdir $@)
# makefile
CURDIR := /Users/orcharddu/Workspace/rCore/rCore-impl
# makefile
SHELL = /bin/sh
# environment
VSCODE_NLS_CONFIG = {"locale":"zh-cn","availableLanguages":{},"_languagePackSupport":true}
# environment
_ = /usr/bin/make
# makefile (from `Makefile', line 10)
MODE_ARG := --release
# makefile (from `Makefile', line 1)
MAKEFILE_LIST :=  Makefile
# environment
VSCODE_VERBOSE_LOGGING = true
# environment
__CFBundleIdentifier = com.microsoft.VSCode
# environment
INFOPATH = /opt/homebrew/share/info:
# environment
VSCODE_IPC_HOOK_EXTHOST = /var/folders/xj/p94n19k50858wkhhvh367w140000gn/T/vscode-ipc-6a164cf0-30cf-4c0d-8c17-311bfe58ce57.sock
# makefile (from `Makefile', line 28)
K210-BURNER = ../tools/kflash.py
# environment
VSCODE_CWD = /Users/orcharddu/Workspace/rCore/rCore-impl
# environment
NO_PROXY = localhost,127.0.0.1,::1
# environment
LSCOLORS = Gxfxcxdxbxegedabagacad
# makefile (from `Makefile', line 35)
DISASM = -x
# environment
GOPATH = /Users/orcharddu/go
# environment
LaunchInstanceID = 297E7A01-F2E4-4643-A38B-5D69D0B06865
# environment
VSCODE_LOG_STACK = false
# environment
ELECTRON_RUN_AS_NODE = 1
# environment
LDFLAGS = -L/opt/homebrew/opt/llvm/lib
# default
.FEATURES := target-specific order-only second-expansion else-if archives jobserver check-symlink
# environment
SSH_AUTH_SOCK = /private/tmp/com.apple.launchd.1Ls15FFjHN/Listeners
# automatic
%F = $(notdir $%)
# environment
HTTPS_PROXY = http://127.0.0.1:7890
# makefile (from `Makefile', line 15)
SBI = rustsbi
# environment
VSCODE_PIPE_LOGGING = true
# environment
PWD = /Users/orcharddu/Workspace/rCore/rCore-impl
# makefile (from `Makefile', line 3)
MODE := release
# environment
HOMEBREW_CELLAR = /opt/homebrew/Cellar
# environment
ORIGINAL_XDG_CURRENT_DESKTOP = undefined
# environment
KOTLIN_HOME = /opt/homebrew/Cellar/kotlin/1.6.10
# environment
MANPATH = /opt/homebrew/share/man::
# environment
VSCODE_AMD_ENTRYPOINT = vs/workbench/api/node/extensionHostProcess
# environment
HOME = /Users/orcharddu
# default
MAKEFILEPATH := /Applications/Xcode.app/Contents/Developer/Makefiles
# environment
VSCODE_CLI = 1
# environment
VSCODE_CODE_CACHE_PATH = /Users/orcharddu/Library/Application Support/Code/CachedData/30d9c6cd9483b2cc586687151bcbcd635f373630
# makefile (from `Makefile', line 5)
KERNEL_BIN := target/riscv64gc-unknown-none-elf/release/os.bin
# environment
LOGNAME = orcharddu
# environment
APPLICATION_INSIGHTS_NO_DIAGNOSTIC_CHANNEL = 1
# environment
ZSH = /Users/orcharddu/.oh-my-zsh
# environment
VSCODE_HANDLES_UNCAUGHT_ERRORS = true
# automatic
^D = $(patsubst %/,%,$(dir $^))
# makefile (from `Makefile', line 27)
K210-SERIALPORT = /dev/ttyUSB0
# environment
XPC_FLAGS = 0x0
# environment
COLORTERM = truecolor
# default
MAKE = $(MAKE_COMMAND)
# environment
LC_TERMINAL = iTerm2
# environment
PATH = /opt/homebrew/bin:/opt/homebrew/sbin:/usr/local/bin:/usr/bin:/bin:/usr/sbin:/sbin:/usr/local/go/bin:/opt/X11/bin:/Library/Apple/usr/bin:/Users/orcharddu/.cargo/bin:/opt/homebrew/opt/llvm/bin:/opt/homebrew/Cellar/qemu/7.0.0/bin:/opt/homebrew/opt/binutils/bin:/opt/homebrew/Cellar/kotlin/1.6.10/bin:/opt/homebrew/Caskroom/flutter/2.10.0/flutter:/Users/orcharddu/go/bin
# environment
SHLVL = 3
# environment
JAVA_HOME = /Library/Java/JavaVirtualMachines/temurin-18.jdk/Contents/Home
# default
MAKE_VERSION := 3.81
# environment
USER = orcharddu
# makefile
.DEFAULT_GOAL := build
# default
MAKECMDGOALS := all
# environment
TERM_SESSION_ID = w0t2p0:DACF5C14-0A99-4B7F-AC73-6EE1FBA951B1
# environment
LESS = -R
# automatic
%D = $(patsubst %/,%,$(dir $%))
# default
MAKE_COMMAND := /Applications/Xcode.app/Contents/Developer/usr/bin/make
# environment
TERM_PROGRAM = iTerm.app
# default
.VARIABLES := 
# environment
TMPDIR = /var/folders/xj/p94n19k50858wkhhvh367w140000gn/T/
# automatic
*F = $(notdir $*)
# environment
VSCODE_IPC_HOOK = /Users/orcharddu/Library/Application Support/Code/1.68.1-main.sock
# makefile
MAKEFLAGS = Rrqp
# environment
MFLAGS = -Rrqp
# automatic
*D = $(patsubst %/,%,$(dir $*))
# environment
TERM_PROGRAM_VERSION = 3.4.15
# makefile (from `Makefile', line 17)
K210_BOOTLOADER_SIZE := 131072
# environment
XPC_SERVICE_NAME = application.com.microsoft.VSCode.25511344.25511350.FA6D8670-5C7E-4381-AF05-2AD8E04EDFAD
# environment
LC_TERMINAL_VERSION = 3.4.15
# environment
HOMEBREW_PREFIX = /opt/homebrew
# automatic
+D = $(patsubst %/,%,$(dir $+))
# makefile (from `Makefile', line 31)
OBJDUMP := rust-objdump --arch-name=riscv64
# automatic
+F = $(notdir $+)
# environment
HTTP_PROXY = http://127.0.0.1:7890
# makefile (from `Makefile', line 14)
BOARD = qemu
# environment
ITERM_SESSION_ID = w0t2p0:DACF5C14-0A99-4B7F-AC73-6EE1FBA951B1
# environment
HOMEBREW_REPOSITORY = /opt/homebrew
# environment
COLORFGBG = 15;0
# environment
DISPLAY = /private/tmp/com.apple.launchd.JgVmClEj5a/org.xquartz:0
# environment
__CF_USER_TEXT_ENCODING = 0x1F5:0x19:0x34
# environment
COMMAND_MODE = unix2003
# default
MAKEFILES := 
# automatic
<F = $(notdir $<)
# environment
ITERM_PROFILE = orchard
# makefile (from `Makefile', line 4)
KERNEL_ELF := target/riscv64gc-unknown-none-elf/release/os
# environment
PAGER = less
# environment
LC_ALL = C
# makefile (from `Makefile', line 6)
DISASM_TMP := target/riscv64gc-unknown-none-elf/release/asm
# makefile (from `Makefile', line 16)
BOOTLOADER := ../bootloader/rustsbi-qemu.bin
# environment
SECURITYSESSIONID = 186a5
# automatic
^F = $(notdir $^)
# makefile (from `Makefile', line 32)
OBJCOPY := rust-objcopy --binary-architecture=riscv64
# default
SUFFIXES := 
# environment
ALL_PROXY = socks5://127.0.0.1:7890
# environment
MAKELEVEL := 0
# environment
LANG = C
# environment
TERM = xterm-256color
# environment
VSCODE_PID = 1128
# variable set hash-table stats:
# Load=110/1024=11%, Rehash=0, Collisions=16/149=11%

# Pattern-specific Variable Values

# No pattern-specific variable values.

# Directories

# . (device 16777229, inode 26021137): 10 files, no impossibilities.

# 10 files, no impossibilities in 1 directories.

# Implicit Rules

# No implicit rules.

# Files

run-inner: build
#  Phony target (prerequisite of .PHONY).
#  Implicit rule search has not been done.
#  File does not exist.
#  File has not been updated.
#  commands to execute (from `Makefile', line 79):
	@qemu-system-riscv64 \
	-machine virt \
	-nographic \
	-bios $(BOOTLOADER) \
	-device loader,file=$(KERNEL_BIN),addr=$(KERNEL_ENTRY_PA)
	

gdbserver: build
#  Phony target (prerequisite of .PHONY).
#  Implicit rule search has not been done.
#  File does not exist.
#  File has not been updated.
#  commands to execute (from `Makefile', line 101):
	@qemu-system-riscv64 -machine virt -nographic -bios $(BOOTLOADER) -device loader,file=$(KERNEL_BIN),addr=$(KERNEL_ENTRY_PA) -s -S
	

# Not a target:
all:
#  Command-line target.
#  Implicit rule search has been done.
#  File does not exist.
#  File has not been updated.
# variable set hash-table stats:
# Load=0/32=0%, Rehash=0, Collisions=0/0=0%

.PHONY: build env kernel clean disasm disasm-vim run-inner switch-check gdbserver gdbclient
#  Implicit rule search has not been done.
#  Modification time never checked.
#  File has not been updated.

# Not a target:
.SUFFIXES:
#  Implicit rule search has not been done.
#  Modification time never checked.
#  File has not been updated.

# Not a target:
Makefile:
#  Implicit rule search has been done.
 
make: *** No rule to make target `all'.  Stop.

#  Last modified 2022-06-22 01:51:30
#  File has been updated.
#  Successfully updated.
# variable set hash-table stats:
# Load=0/32=0%, Rehash=0, Collisions=0/0=0%

kernel:
#  Phony target (prerequisite of .PHONY).
#  Implicit rule search has not been done.
#  File does not exist.
#  File has not been updated.
#  commands to execute (from `Makefile', line 56):
	@echo Platform: $(BOARD)
	# @cp src/linker-$(BOARD).ld src/linker.ld
	@cargo build $(MODE_ARG)
	# @rm src/linker.ld
	

dev-run:
#  Implicit rule search has not been done.
#  Modification time never checked.
#  File has not been updated.

debug: build
#  Implicit rule search has not been done.
#  Modification time never checked.
#  File has not been updated.
#  commands to execute (from `Makefile', line 95):
	@tmux new-session -d \
	"qemu-system-riscv64 -machine virt -nographic -bios $(BOOTLOADER) -device loader,file=$(KERNEL_BIN),addr=$(KERNEL_ENTRY_PA) -s -S" && \
	tmux split-window -h "riscv64-unknown-elf-gdb -ex 'file $(KERNEL_ELF)' -ex 'set arch riscv:rv64' -ex 'target remote localhost:1234'" && \
	tmux -2 attach-session -d
	

build: env switch-check target/riscv64gc-unknown-none-elf/release/os.bin
#  Phony target (prerequisite of .PHONY).
#  Implicit rule search has not been done.
#  File does not exist.
#  File has not been updated.

switch-check:
#  Phony target (prerequisite of .PHONY).
#  Implicit rule search has not been done.
#  File does not exist.
#  File has not been updated.
#  commands to execute (from `Makefile', line 41):
	(which last-qemu) || (rm -f last-k210 && touch last-qemu && make clean)
	

# Not a target:
.DEFAULT:
#  Implicit rule search has not been done.
#  Modification time never checked.
#  File has not been updated.

run: run-inner
#  Implicit rule search has not been done.
#  Modification time never checked.
#  File has not been updated.

clean:
#  Phony target (prerequisite of .PHONY).
#  Implicit rule search has not been done.
#  File does not exist.
#  File has not been updated.
#  commands to execute (from `Makefile', line 62):
	@cargo clean
	

disasm-vim: kernel
#  Phony target (prerequisite of .PHONY).
#  Implicit rule search has not been done.
#  File does not exist.
#  File has not been updated.
#  commands to execute (from `Makefile', line 68):
	@$(OBJDUMP) $(DISASM) $(KERNEL_ELF) > $(DISASM_TMP)
	@vim $(DISASM_TMP)
	@rm $(DISASM_TMP)
	

gdbclient:
#  Phony target (prerequisite of .PHONY).
#  Implicit rule search has not been done.
#  File does not exist.
#  File has not been updated.
#  commands to execute (from `Makefile', line 104):
	@riscv64-unknown-elf-gdb -ex 'file $(KERNEL_ELF)' -ex 'set arch riscv:rv64' -ex 'target remote localhost:1234'
	

disasm: kernel
#  Phony target (prerequisite of .PHONY).
#  Implicit rule search has not been done.
#  File does not exist.
#  File has not been updated.
#  commands to execute (from `Makefile', line 65):
	@$(OBJDUMP) $(DISASM) $(KERNEL_ELF) | less
	

target/riscv64gc-unknown-none-elf/release/os.bin: kernel
#  Implicit rule search has not been done.
#  Modification time never checked.
#  File has not been updated.
#  commands to execute (from `Makefile', line 53):
	@$(OBJCOPY) $(KERNEL_ELF) --strip-all -O binary $@
	

env:
#  Phony target (prerequisite of .PHONY).
#  Implicit rule search has not been done.
#  File does not exist.
#  File has not been updated.
#  commands to execute (from `Makefile', line 47):
	(rustup target list | grep "riscv64gc-unknown-none-elf (installed)") || rustup target add $(TARGET)
	cargo install cargo-binutils --vers =0.3.3
	rustup component add rust-src
	rustup component add llvm-tools-preview
	

# files hash-table stats:
# Load=19/1024=2%, Rehash=0, Collisions=0/51=0%
# VPATH Search Paths

# No `vpath' search paths.

# No general (`VPATH' variable) search path.

# # of strings in strcache: 1
# # of strcache buffers: 1
# strcache size: total = 4096 / max = 4096 / min = 4096 / avg = 4096
# strcache free: total = 4087 / max = 4087 / min = 4087 / avg = 4087

# Finished Make data base on Wed Jun 22 22:32:49 2022

 
